<?xml version="1.0" encoding="UTF-8"?>
<!-- Generated by org.testng.reporters.JUnitXMLReporter -->
<testsuite ignored="0" hostname="LTIN509377" failures="0" tests="15" name="ChromeTest" time="157.671" errors="0" timestamp="2024-04-03T09:41:42 IST">
  <testcase classname="testScenario.Global_IT" name="captureUserInfo" time="52.048"/>
  <testcase classname="testScenario.Global_IT" name="clickOnIT" time="10.604"/>
  <testcase classname="testScenario.Global_IT" name="exploreApps" time="31.407"/>
  <testcase classname="testScenario.Global_IT" name="validateApps" time="0.008"/>
  <testcase classname="testScenario.Global_IT" name="validateApps" time="0.002"/>
  <testcase classname="testScenario.Global_IT" name="validateApps" time="0.002"/>
  <testcase classname="testScenario.Global_IT" name="validateApps" time="0.005"/>
  <testcase classname="testScenario.Global_IT" name="validateApps" time="0.003"/>
  <testcase classname="testScenario.Global_IT" name="verifyNewsAvailability" time="1.274"/>
  <testcase classname="testScenario.Global_IT" name="verifyAwardsAvailability" time="0.258"/>
  <testcase classname="testScenario.Global_IT" name="displayNewsCount" time="0.103"/>
  <testcase classname="testScenario.Global_IT" name="validateNewsHeaderAndTooltip" time="0.381"/>
  <testcase classname="testScenario.Global_IT" name="displayAwards" time="10.597"/>
  <testcase classname="testScenario.Global_IT" name="displayAwards" time="11.06"/>
  <testcase classname="testScenario.Global_IT" name="displayAwards" time="11.127"/>
</testsuite> <!-- ChromeTest -->
