<?xml version="1.0" encoding="UTF-8"?>
<!-- Generated by org.testng.reporters.JUnitXMLReporter -->
<testsuite ignored="0" hostname="LTIN509377" failures="0" tests="15" name="EdgeTest" time="154.441" errors="0" timestamp="2024-04-03T09:44:17 IST">
  <testcase classname="testScenario.Global_IT" name="captureUserInfo" time="50.692"/>
  <testcase classname="testScenario.Global_IT" name="clickOnIT" time="10.575"/>
  <testcase classname="testScenario.Global_IT" name="exploreApps" time="31.745"/>
  <testcase classname="testScenario.Global_IT" name="validateApps" time="0.002"/>
  <testcase classname="testScenario.Global_IT" name="validateApps" time="0.002"/>
  <testcase classname="testScenario.Global_IT" name="validateApps" time="0.0"/>
  <testcase classname="testScenario.Global_IT" name="validateApps" time="0.001"/>
  <testcase classname="testScenario.Global_IT" name="validateApps" time="0.002"/>
  <testcase classname="testScenario.Global_IT" name="verifyNewsAvailability" time="1.141"/>
  <testcase classname="testScenario.Global_IT" name="verifyAwardsAvailability" time="0.318"/>
  <testcase classname="testScenario.Global_IT" name="displayNewsCount" time="0.1"/>
  <testcase classname="testScenario.Global_IT" name="validateNewsHeaderAndTooltip" time="0.341"/>
  <testcase classname="testScenario.Global_IT" name="displayAwards" time="10.527"/>
  <testcase classname="testScenario.Global_IT" name="displayAwards" time="11.019"/>
  <testcase classname="testScenario.Global_IT" name="displayAwards" time="11.01"/>
</testsuite> <!-- EdgeTest -->
